0 verbose cli C:\Program Files\nodejs\node.exe C:\Program Files\nodejs\node_modules\npm\bin\npm-cli.js
1 info using npm@10.9.3
2 info using node@v22.20.0
3 silly config load:file:C:\Program Files\nodejs\node_modules\npm\npmrc
4 silly config load:file:D:\Projects\webrtc_project\Backend\.npmrc
5 silly config load:file:C:\Users\Software\.npmrc
6 silly config load:file:C:\Users\Software\AppData\Roaming\npm\etc\npmrc
7 verbose title npm install
8 verbose argv "install"
9 verbose logfile logs-max:10 dir:D:\Projects\webrtc_project\Backend\.npm-cache\_logs\2026-03-12T18_31_29_009Z-
10 verbose logfile D:\Projects\webrtc_project\Backend\.npm-cache\_logs\2026-03-12T18_31_29_009Z-debug-0.log
11 silly logfile done cleaning log files
12 silly packumentCache heap:2197815296 maxSize:549453824 maxEntrySize:274726912
13 silly idealTree buildDeps
14 silly reify moves {}
15 silly audit bulk request {
15 silly audit   '@esbuild/aix-ppc64': [ '0.27.4' ],
15 silly audit   '@esbuild/android-arm': [ '0.27.4' ],
15 silly audit   '@esbuild/android-arm64': [ '0.27.4' ],
15 silly audit   '@esbuild/android-x64': [ '0.27.4' ],
15 silly audit   '@esbuild/darwin-arm64': [ '0.27.4' ],
15 silly audit   '@esbuild/darwin-x64': [ '0.27.4' ],
15 silly audit   '@esbuild/freebsd-arm64': [ '0.27.4' ],
15 silly audit   '@esbuild/freebsd-x64': [ '0.27.4' ],
15 silly audit   '@esbuild/linux-arm': [ '0.27.4' ],
15 silly audit   '@esbuild/linux-arm64': [ '0.27.4' ],
15 silly audit   '@esbuild/linux-ia32': [ '0.27.4' ],
15 silly audit   '@esbuild/linux-loong64': [ '0.27.4' ],
15 silly audit   '@esbuild/linux-mips64el': [ '0.27.4' ],
15 silly audit   '@esbuild/linux-ppc64': [ '0.27.4' ],
15 silly audit   '@esbuild/linux-riscv64': [ '0.27.4' ],
15 silly audit   '@esbuild/linux-s390x': [ '0.27.4' ],
15 silly audit   '@esbuild/linux-x64': [ '0.27.4' ],
15 silly audit   '@esbuild/netbsd-arm64': [ '0.27.4' ],
15 silly audit   '@esbuild/netbsd-x64': [ '0.27.4' ],
15 silly audit   '@esbuild/openbsd-arm64': [ '0.27.4' ],
15 silly audit   '@esbuild/openbsd-x64': [ '0.27.4' ],
15 silly audit   '@esbuild/openharmony-arm64': [ '0.27.4' ],
15 silly audit   '@esbuild/sunos-x64': [ '0.27.4' ],
15 silly audit   '@esbuild/win32-arm64': [ '0.27.4' ],
15 silly audit   '@esbuild/win32-ia32': [ '0.27.4' ],
15 silly audit   '@esbuild/win32-x64': [ '0.27.4' ],
15 silly audit   '@socket.io/component-emitter': [ '3.1.2' ],
15 silly audit   '@types/body-parser': [ '1.19.6' ],
15 silly audit   '@types/connect': [ '3.4.38' ],
15 silly audit   '@types/cors': [ '2.8.19' ],
15 silly audit   '@types/express': [ '4.17.25' ],
15 silly audit   '@types/express-serve-static-core': [ '4.19.8' ],
15 silly audit   '@types/http-errors': [ '2.0.5' ],
15 silly audit   '@types/mime': [ '1.3.5' ],
15 silly audit   '@types/morgan': [ '1.9.10' ],
15 silly audit   '@types/multer': [ '1.4.13' ],
15 silly audit   '@types/node': [ '22.19.15' ],
15 silly audit   '@types/qs': [ '6.15.0' ],
15 silly audit   '@types/range-parser': [ '1.2.7' ],
15 silly audit   '@types/send': [ '1.2.1', '0.17.6' ],
15 silly audit   '@types/serve-static': [ '1.15.10' ],
15 silly audit   '@types/ws': [ '8.18.1' ],
15 silly audit   accepts: [ '1.3.8' ],
15 silly audit   'append-field': [ '1.0.0' ],
15 silly audit   'array-flatten': [ '1.1.1' ],
15 silly audit   base64id: [ '2.0.0' ],
15 silly audit   'basic-auth': [ '2.0.1' ],
15 silly audit   'safe-buffer': [ '5.1.2', '5.2.1' ],
15 silly audit   'body-parser': [ '1.20.4' ],
15 silly audit   'buffer-from': [ '1.1.2' ],
15 silly audit   busboy: [ '1.6.0' ],
15 silly audit   bytes: [ '3.1.2' ],
15 silly audit   'call-bind-apply-helpers': [ '1.0.2' ],
15 silly audit   'call-bound': [ '1.0.4' ],
15 silly audit   'concat-stream': [ '1.6.2' ],
15 silly audit   'content-disposition': [ '0.5.4' ],
15 silly audit   'content-type': [ '1.0.5' ],
15 silly audit   cookie: [ '0.7.2' ],
15 silly audit   'cookie-signature': [ '1.0.7' ],
15 silly audit   'core-util-is': [ '1.0.3' ],
15 silly audit   cors: [ '2.8.6' ],
15 silly audit   debug: [ '2.6.9', '4.4.3' ],
15 silly audit   depd: [ '2.0.0' ],
15 silly audit   destroy: [ '1.2.0' ],
15 silly audit   dotenv: [ '16.6.1' ],
15 silly audit   'dunder-proto': [ '1.0.1' ],
15 silly audit   'ee-first': [ '1.1.1' ],
15 silly audit   encodeurl: [ '2.0.0' ],
15 silly audit   'engine.io': [ '6.6.6' ],
15 silly audit   'engine.io-parser': [ '5.2.3' ],
15 silly audit   ms: [ '2.1.3', '2.0.0' ],
15 silly audit   'es-define-property': [ '1.0.1' ],
15 silly audit   'es-errors': [ '1.3.0' ],
15 silly audit   'es-object-atoms': [ '1.1.1' ],
15 silly audit   esbuild: [ '0.27.4' ],
15 silly audit   'escape-html': [ '1.0.3' ],
15 silly audit   etag: [ '1.8.1' ],
15 silly audit   express: [ '4.22.1' ],
15 silly audit   finalhandler: [ '1.3.2' ],
15 silly audit   forwarded: [ '0.2.0' ],
15 silly audit   fresh: [ '0.5.2' ],
15 silly audit   fsevents: [ '2.3.3' ],
15 silly audit   'function-bind': [ '1.1.2' ],
15 silly audit   'get-intrinsic': [ '1.3.0' ],
15 silly audit   'get-proto': [ '1.0.1' ],
15 silly audit   'get-tsconfig': [ '4.13.6' ],
15 silly audit   gopd: [ '1.2.0' ],
15 silly audit   'has-symbols': [ '1.1.0' ],
15 silly audit   hasown: [ '2.0.2' ],
15 silly audit   helmet: [ '7.2.0' ],
15 silly audit   'http-errors': [ '2.0.1' ],
15 silly audit   'iconv-lite': [ '0.4.24' ],
15 silly audit   inherits: [ '2.0.4' ],
15 silly audit   'ipaddr.js': [ '1.9.1' ],
15 silly audit   isarray: [ '1.0.0' ],
15 silly audit   'math-intrinsics': [ '1.1.0' ],
15 silly audit   'media-typer': [ '0.3.0' ],
15 silly audit   'merge-descriptors': [ '1.0.3' ],
15 silly audit   methods: [ '1.1.2' ],
15 silly audit   mime: [ '1.6.0' ],
15 silly audit   'mime-db': [ '1.52.0' ],
15 silly audit   'mime-types': [ '2.1.35' ],
15 silly audit   minimist: [ '1.2.8' ],
15 silly audit   mkdirp: [ '0.5.6' ],
15 silly audit   morgan: [ '1.10.1' ],
15 silly audit   'on-finished': [ '2.3.0', '2.4.1' ],
15 silly audit   multer: [ '1.4.5-lts.2' ],
15 silly audit   nanoid: [ '5.1.6' ],
15 silly audit   negotiator: [ '0.6.3' ],
15 silly audit   'object-assign': [ '4.1.1' ],
15 silly audit   'object-inspect': [ '1.13.4' ],
15 silly audit   'on-headers': [ '1.1.0' ],
15 silly audit   parseurl: [ '1.3.3' ],
15 silly audit   'path-to-regexp': [ '0.1.12' ],
15 silly audit   'process-nextick-args': [ '2.0.1' ],
15 silly audit   'proxy-addr': [ '2.0.7' ],
15 silly audit   qs: [ '6.14.2' ],
15 silly audit   'range-parser': [ '1.2.1' ],
15 silly audit   'raw-body': [ '2.5.3' ],
15 silly audit   'readable-stream': [ '2.3.8' ],
15 silly audit   'resolve-pkg-maps': [ '1.0.0' ],
15 silly audit   'safer-buffer': [ '2.1.2' ],
15 silly audit   send: [ '0.19.2' ],
15 silly audit   'serve-static': [ '1.16.3' ],
15 silly audit   setprototypeof: [ '1.2.0' ],
15 silly audit   'side-channel': [ '1.1.0' ],
15 silly audit   'side-channel-list': [ '1.0.0' ],
15 silly audit   'side-channel-map': [ '1.0.1' ],
15 silly audit   'side-channel-weakmap': [ '1.0.2' ],
15 silly audit   'socket.io': [ '4.8.3' ],
15 silly audit   'socket.io-adapter': [ '2.5.6' ],
15 silly audit   'socket.io-parser': [ '4.2.5' ],
15 silly audit   statuses: [ '2.0.2' ],
15 silly audit   streamsearch: [ '1.1.0' ],
15 silly audit   string_decoder: [ '1.1.1' ],
15 silly audit   toidentifier: [ '1.0.1' ],
15 silly audit   tsx: [ '4.21.0' ],
15 silly audit   'type-is': [ '1.6.18' ],
15 silly audit   typedarray: [ '0.0.6' ],
15 silly audit   typescript: [ '5.9.3' ],
15 silly audit   'undici-types': [ '6.21.0' ],
15 silly audit   unpipe: [ '1.0.0' ],
15 silly audit   'util-deprecate': [ '1.0.2' ],
15 silly audit   'utils-merge': [ '1.0.1' ],
15 silly audit   vary: [ '1.1.2' ],
15 silly audit   ws: [ '8.18.3' ],
15 silly audit   xtend: [ '4.0.2' ],
15 silly audit   zod: [ '3.25.76' ]
15 silly audit }
16 verbose reify failed optional dependency D:\Projects\webrtc_project\Backend\node_modules\fsevents
17 silly reify mark deleted [ 'D:\\Projects\\webrtc_project\\Backend\\node_modules\\fsevents' ]
18 verbose reify failed optional dependency D:\Projects\webrtc_project\Backend\node_modules\@esbuild\win32-ia32
19 silly reify mark deleted [
19 silly reify   'D:\\Projects\\webrtc_project\\Backend\\node_modules\\@esbuild\\win32-ia32'
19 silly reify ]
20 verbose reify failed optional dependency D:\Projects\webrtc_project\Backend\node_modules\@esbuild\win32-arm64
21 silly reify mark deleted [
21 silly reify   'D:\\Projects\\webrtc_project\\Backend\\node_modules\\@esbuild\\win32-arm64'
21 silly reify ]
22 verbose reify failed optional dependency D:\Projects\webrtc_project\Backend\node_modules\@esbuild\sunos-x64
23 silly reify mark deleted [
23 silly reify   'D:\\Projects\\webrtc_project\\Backend\\node_modules\\@esbuild\\sunos-x64'
23 silly reify ]
24 verbose reify failed optional dependency D:\Projects\webrtc_project\Backend\node_modules\@esbuild\openharmony-arm64
25 silly reify mark deleted [
25 silly reify   'D:\\Projects\\webrtc_project\\Backend\\node_modules\\@esbuild\\openharmony-arm64'
25 silly reify ]
26 verbose reify failed optional dependency D:\Projects\webrtc_project\Backend\node_modules\@esbuild\openbsd-x64
27 silly reify mark deleted [
27 silly reify   'D:\\Projects\\webrtc_project\\Backend\\node_modules\\@esbuild\\openbsd-x64'
27 silly reify ]
28 verbose reify failed optional dependency D:\Projects\webrtc_project\Backend\node_modules\@esbuild\openbsd-arm64
29 silly reify mark deleted [
29 silly reify   'D:\\Projects\\webrtc_project\\Backend\\node_modules\\@esbuild\\openbsd-arm64'
29 silly reify ]
30 verbose reify failed optional dependency D:\Projects\webrtc_project\Backend\node_modules\@esbuild\netbsd-x64
31 silly reify mark deleted [
31 silly reify   'D:\\Projects\\webrtc_project\\Backend\\node_modules\\@esbuild\\netbsd-x64'
31 silly reify ]
32 verbose reify failed optional dependency D:\Projects\webrtc_project\Backend\node_modules\@esbuild\netbsd-arm64
33 silly reify mark deleted [
33 silly reify   'D:\\Projects\\webrtc_project\\Backend\\node_modules\\@esbuild\\netbsd-arm64'
33 silly reify ]
34 verbose reify failed optional dependency D:\Projects\webrtc_project\Backend\node_modules\@esbuild\linux-x64
35 silly reify mark deleted [
35 silly reify   'D:\\Projects\\webrtc_project\\Backend\\node_modules\\@esbuild\\linux-x64'
35 silly reify ]
36 verbose reify failed optional dependency D:\Projects\webrtc_project\Backend\node_modules\@esbuild\linux-s390x
37 silly reify mark deleted [
37 silly reify   'D:\\Projects\\webrtc_project\\Backend\\node_modules\\@esbuild\\linux-s390x'
37 silly reify ]
38 verbose reify failed optional dependency D:\Projects\webrtc_project\Backend\node_modules\@esbuild\linux-riscv64
39 silly reify mark deleted [
39 silly reify   'D:\\Projects\\webrtc_project\\Backend\\node_modules\\@esbuild\\linux-riscv64'
39 silly reify ]
40 verbose reify failed optional dependency D:\Projects\webrtc_project\Backend\node_modules\@esbuild\linux-ppc64
41 silly reify mark deleted [
41 silly reify   'D:\\Projects\\webrtc_project\\Backend\\node_modules\\@esbuild\\linux-ppc64'
41 silly reify ]
42 verbose reify failed optional dependency D:\Projects\webrtc_project\Backend\node_modules\@esbuild\linux-mips64el
43 silly reify mark deleted [
43 silly reify   'D:\\Projects\\webrtc_project\\Backend\\node_modules\\@esbuild\\linux-mips64el'
43 silly reify ]
44 verbose reify failed optional dependency D:\Projects\webrtc_project\Backend\node_modules\@esbuild\linux-loong64
45 silly reify mark deleted [
45 silly reify   'D:\\Projects\\webrtc_project\\Backend\\node_modules\\@esbuild\\linux-loong64'
45 silly reify ]
46 verbose reify failed optional dependency D:\Projects\webrtc_project\Backend\node_modules\@esbuild\linux-ia32
47 silly reify mark deleted [
47 silly reify   'D:\\Projects\\webrtc_project\\Backend\\node_modules\\@esbuild\\linux-ia32'
47 silly reify ]
48 verbose reify failed optional dependency D:\Projects\webrtc_project\Backend\node_modules\@esbuild\linux-arm64
49 silly reify mark deleted [
49 silly reify   'D:\\Projects\\webrtc_project\\Backend\\node_modules\\@esbuild\\linux-arm64'
49 silly reify ]
50 verbose reify failed optional dependency D:\Projects\webrtc_project\Backend\node_modules\@esbuild\linux-arm
51 silly reify mark deleted [
51 silly reify   'D:\\Projects\\webrtc_project\\Backend\\node_modules\\@esbuild\\linux-arm'
51 silly reify ]
52 verbose reify failed optional dependency D:\Projects\webrtc_project\Backend\node_modules\@esbuild\freebsd-x64
53 silly reify mark deleted [
53 silly reify   'D:\\Projects\\webrtc_project\\Backend\\node_modules\\@esbuild\\freebsd-x64'
53 silly reify ]
54 verbose reify failed optional dependency D:\Projects\webrtc_project\Backend\node_modules\@esbuild\freebsd-arm64
55 silly reify mark deleted [
55 silly reify   'D:\\Projects\\webrtc_project\\Backend\\node_modules\\@esbuild\\freebsd-arm64'
55 silly reify ]
56 verbose reify failed optional dependency D:\Projects\webrtc_project\Backend\node_modules\@esbuild\darwin-x64
57 silly reify mark deleted [
57 silly reify   'D:\\Projects\\webrtc_project\\Backend\\node_modules\\@esbuild\\darwin-x64'
57 silly reify ]
58 verbose reify failed optional dependency D:\Projects\webrtc_project\Backend\node_modules\@esbuild\darwin-arm64
59 silly reify mark deleted [
59 silly reify   'D:\\Projects\\webrtc_project\\Backend\\node_modules\\@esbuild\\darwin-arm64'
59 silly reify ]
60 verbose reify failed optional dependency D:\Projects\webrtc_project\Backend\node_modules\@esbuild\android-x64
61 silly reify mark deleted [
61 silly reify   'D:\\Projects\\webrtc_project\\Backend\\node_modules\\@esbuild\\android-x64'
61 silly reify ]
62 verbose reify failed optional dependency D:\Projects\webrtc_project\Backend\node_modules\@esbuild\android-arm64
63 silly reify mark deleted [
63 silly reify   'D:\\Projects\\webrtc_project\\Backend\\node_modules\\@esbuild\\android-arm64'
63 silly reify ]
64 verbose reify failed optional dependency D:\Projects\webrtc_project\Backend\node_modules\@esbuild\android-arm
65 silly reify mark deleted [
65 silly reify   'D:\\Projects\\webrtc_project\\Backend\\node_modules\\@esbuild\\android-arm'
65 silly reify ]
66 verbose reify failed optional dependency D:\Projects\webrtc_project\Backend\node_modules\@esbuild\aix-ppc64
67 silly reify mark deleted [
67 silly reify   'D:\\Projects\\webrtc_project\\Backend\\node_modules\\@esbuild\\aix-ppc64'
67 silly reify ]
68 http fetch GET 200 https://registry.npmjs.org/npm 943ms
69 http fetch POST 200 https://registry.npmjs.org/-/npm/v1/security/advisories/bulk 1115ms
70 silly audit report {}
71 silly ADD
72 silly ADD
73 silly ADD
74 silly ADD
75 silly ADD
76 silly ADD
77 silly ADD
78 silly ADD
79 silly ADD
80 silly ADD
81 silly ADD
82 silly ADD
83 silly ADD
84 silly ADD
85 silly ADD
86 silly ADD
87 silly ADD
88 silly ADD
89 silly ADD
90 silly ADD
91 silly ADD
92 silly ADD
93 silly ADD
94 silly ADD
95 silly ADD
96 silly ADD
97 verbose cwd D:\Projects\webrtc_project\Backend
98 verbose os Windows_NT 10.0.19045
99 verbose node v22.20.0
100 verbose npm  v10.9.3
101 notice
101 notice New major version of npm available! 10.9.3 -> 11.11.1
101 notice Changelog: https://github.com/npm/cli/releases/tag/v11.11.1
101 notice To update run: npm install -g npm@11.11.1
101 notice  { force: true, [Symbol(proc-log.meta)]: true }
102 verbose exit 0
103 info ok
